{"C:\\Users\\haise\\Studies\\devops\\mini-projet-devops\\Devops-mini-proj-tdd-greetings\\src\\app.js": {"path":"C:\\Users\\haise\\Studies\\devops\\mini-projet-devops\\Devops-mini-proj-tdd-greetings\\src\\app.js","statementMap":{"0":{"start":{"line":2,"column":17},"end":{"line":2,"column":35}},"1":{"start":{"line":5,"column":4},"end":{"line":41,"column":5}},"2":{"start":{"line":6,"column":8},"end":{"line":13,"column":9}},"3":{"start":{"line":12,"column":12},"end":{"line":12,"column":39}},"4":{"start":{"line":14,"column":19},"end":{"line":14,"column":39}},"5":{"start":{"line":15,"column":8},"end":{"line":23,"column":69}},"6":{"start":{"line":16,"column":28},"end":{"line":16,"column":50}},"7":{"start":{"line":18,"column":12},"end":{"line":22,"column":13}},"8":{"start":{"line":19,"column":16},"end":{"line":19,"column":51}},"9":{"start":{"line":21,"column":16},"end":{"line":21,"column":50}},"10":{"start":{"line":23,"column":15},"end":{"line":23,"column":69}},"11":{"start":{"line":24,"column":11},"end":{"line":41,"column":5}},"12":{"start":{"line":25,"column":19},"end":{"line":25,"column":39}},"13":{"start":{"line":26,"column":8},"end":{"line":26,"column":71}},"14":{"start":{"line":26,"column":17},"end":{"line":26,"column":71}},"15":{"start":{"line":28,"column":8},"end":{"line":37,"column":9}},"16":{"start":{"line":30,"column":12},"end":{"line":36,"column":13}},"17":{"start":{"line":31,"column":38},"end":{"line":31,"column":75}},"18":{"start":{"line":31,"column":61},"end":{"line":31,"column":74}},"19":{"start":{"line":32,"column":16},"end":{"line":32,"column":56}},"20":{"start":{"line":33,"column":19},"end":{"line":36,"column":13}},"21":{"start":{"line":34,"column":38},"end":{"line":34,"column":75}},"22":{"start":{"line":34,"column":61},"end":{"line":34,"column":74}},"23":{"start":{"line":35,"column":16},"end":{"line":35,"column":52}},"24":{"start":{"line":38,"column":8},"end":{"line":38,"column":34}},"25":{"start":{"line":40,"column":8},"end":{"line":40,"column":34}},"26":{"start":{"line":45,"column":21},"end":{"line":45,"column":60}},"27":{"start":{"line":45,"column":41},"end":{"line":45,"column":59}},"28":{"start":{"line":46,"column":4},"end":{"line":52,"column":5}},"29":{"start":{"line":47,"column":8},"end":{"line":47,"column":47}},"30":{"start":{"line":48,"column":11},"end":{"line":52,"column":5}},"31":{"start":{"line":49,"column":8},"end":{"line":49,"column":47}},"32":{"start":{"line":51,"column":8},"end":{"line":51,"column":63}},"33":{"start":{"line":56,"column":21},"end":{"line":56,"column":60}},"34":{"start":{"line":56,"column":41},"end":{"line":56,"column":59}},"35":{"start":{"line":57,"column":4},"end":{"line":63,"column":5}},"36":{"start":{"line":58,"column":8},"end":{"line":58,"column":49}},"37":{"start":{"line":59,"column":11},"end":{"line":63,"column":5}},"38":{"start":{"line":60,"column":8},"end":{"line":60,"column":49}},"39":{"start":{"line":62,"column":8},"end":{"line":62,"column":63}},"40":{"start":{"line":67,"column":21},"end":{"line":67,"column":60}},"41":{"start":{"line":67,"column":41},"end":{"line":67,"column":59}},"42":{"start":{"line":68,"column":4},"end":{"line":74,"column":5}},"43":{"start":{"line":69,"column":8},"end":{"line":69,"column":47}},"44":{"start":{"line":70,"column":11},"end":{"line":74,"column":5}},"45":{"start":{"line":71,"column":8},"end":{"line":71,"column":47}},"46":{"start":{"line":73,"column":8},"end":{"line":73,"column":61}},"47":{"start":{"line":78,"column":22},"end":{"line":78,"column":24}},"48":{"start":{"line":79,"column":21},"end":{"line":79,"column":23}},"49":{"start":{"line":81,"column":4},"end":{"line":88,"column":7}},"50":{"start":{"line":82,"column":24},"end":{"line":82,"column":42}},"51":{"start":{"line":83,"column":8},"end":{"line":87,"column":9}},"52":{"start":{"line":84,"column":12},"end":{"line":84,"column":39}},"53":{"start":{"line":86,"column":12},"end":{"line":86,"column":35}},"54":{"start":{"line":90,"column":32},"end":{"line":90,"column":40}},"55":{"start":{"line":92,"column":4},"end":{"line":102,"column":5}},"56":{"start":{"line":93,"column":8},"end":{"line":101,"column":9}},"57":{"start":{"line":93,"column":21},"end":{"line":93,"column":22}},"58":{"start":{"line":94,"column":12},"end":{"line":100,"column":13}},"59":{"start":{"line":95,"column":16},"end":{"line":95,"column":72}},"60":{"start":{"line":96,"column":19},"end":{"line":100,"column":13}},"61":{"start":{"line":97,"column":16},"end":{"line":97,"column":62}},"62":{"start":{"line":99,"column":16},"end":{"line":99,"column":68}},"63":{"start":{"line":104,"column":24},"end":{"line":104,"column":76}},"64":{"start":{"line":106,"column":4},"end":{"line":112,"column":5}},"65":{"start":{"line":107,"column":8},"end":{"line":107,"column":59}},"66":{"start":{"line":108,"column":11},"end":{"line":112,"column":5}},"67":{"start":{"line":109,"column":8},"end":{"line":109,"column":37}},"68":{"start":{"line":111,"column":8},"end":{"line":111,"column":29}},"69":{"start":{"line":115,"column":18},"end":{"line":115,"column":34}},"70":{"start":{"line":116,"column":18},"end":{"line":116,"column":35}},"71":{"start":{"line":117,"column":4},"end":{"line":117,"column":48}},"72":{"start":{"line":118,"column":4},"end":{"line":118,"column":58}},"73":{"start":{"line":118,"column":46},"end":{"line":118,"column":58}},"74":{"start":{"line":119,"column":4},"end":{"line":119,"column":17}},"75":{"start":{"line":123,"column":18},"end":{"line":123,"column":34}},"76":{"start":{"line":124,"column":4},"end":{"line":128,"column":5}},"77":{"start":{"line":125,"column":22},"end":{"line":125,"column":39}},"78":{"start":{"line":126,"column":8},"end":{"line":126,"column":52}},"79":{"start":{"line":127,"column":8},"end":{"line":127,"column":68}},"80":{"start":{"line":127,"column":55},"end":{"line":127,"column":68}},"81":{"start":{"line":129,"column":4},"end":{"line":129,"column":16}},"82":{"start":{"line":132,"column":0},"end":{"line":132,"column":23}}},"fnMap":{"0":{"name":"greet","decl":{"start":{"line":4,"column":9},"end":{"line":4,"column":14}},"loc":{"start":{"line":4,"column":22},"end":{"line":42,"column":1}},"line":4},"1":{"name":"(anonymous_1)","decl":{"start":{"line":31,"column":51},"end":{"line":31,"column":52}},"loc":{"start":{"line":31,"column":61},"end":{"line":31,"column":74}},"line":31},"2":{"name":"(anonymous_2)","decl":{"start":{"line":34,"column":51},"end":{"line":34,"column":52}},"loc":{"start":{"line":34,"column":61},"end":{"line":34,"column":74}},"line":34},"3":{"name":"greet2Names","decl":{"start":{"line":44,"column":9},"end":{"line":44,"column":20}},"loc":{"start":{"line":44,"column":28},"end":{"line":53,"column":1}},"line":44},"4":{"name":"(anonymous_4)","decl":{"start":{"line":45,"column":31},"end":{"line":45,"column":32}},"loc":{"start":{"line":45,"column":41},"end":{"line":45,"column":59}},"line":45},"5":{"name":"greet2NamesFrench","decl":{"start":{"line":55,"column":9},"end":{"line":55,"column":26}},"loc":{"start":{"line":55,"column":34},"end":{"line":64,"column":1}},"line":55},"6":{"name":"(anonymous_6)","decl":{"start":{"line":56,"column":31},"end":{"line":56,"column":32}},"loc":{"start":{"line":56,"column":41},"end":{"line":56,"column":59}},"line":56},"7":{"name":"greet2NamesNL","decl":{"start":{"line":66,"column":9},"end":{"line":66,"column":22}},"loc":{"start":{"line":66,"column":30},"end":{"line":75,"column":1}},"line":66},"8":{"name":"(anonymous_8)","decl":{"start":{"line":67,"column":31},"end":{"line":67,"column":32}},"loc":{"start":{"line":67,"column":41},"end":{"line":67,"column":59}},"line":67},"9":{"name":"greet3names","decl":{"start":{"line":77,"column":9},"end":{"line":77,"column":20}},"loc":{"start":{"line":77,"column":28},"end":{"line":113,"column":1}},"line":77},"10":{"name":"(anonymous_10)","decl":{"start":{"line":81,"column":18},"end":{"line":81,"column":19}},"loc":{"start":{"line":81,"column":28},"end":{"line":88,"column":5}},"line":81},"11":{"name":"Check1Name","decl":{"start":{"line":114,"column":9},"end":{"line":114,"column":19}},"loc":{"start":{"line":114,"column":26},"end":{"line":120,"column":1}},"line":114},"12":{"name":"CheakName2Or3","decl":{"start":{"line":122,"column":9},"end":{"line":122,"column":22}},"loc":{"start":{"line":122,"column":30},"end":{"line":130,"column":1}},"line":122}},"branchMap":{"0":{"loc":{"start":{"line":5,"column":4},"end":{"line":41,"column":5}},"type":"if","locations":[{"start":{"line":5,"column":4},"end":{"line":41,"column":5}},{"start":{"line":24,"column":11},"end":{"line":41,"column":5}}],"line":5},"1":{"loc":{"start":{"line":5,"column":8},"end":{"line":5,"column":48}},"type":"binary-expr","locations":[{"start":{"line":5,"column":8},"end":{"line":5,"column":26}},{"start":{"line":5,"column":30},"end":{"line":5,"column":48}}],"line":5},"2":{"loc":{"start":{"line":6,"column":8},"end":{"line":13,"column":9}},"type":"if","locations":[{"start":{"line":6,"column":8},"end":{"line":13,"column":9}},{"start":{},"end":{}}],"line":6},"3":{"loc":{"start":{"line":7,"column":12},"end":{"line":10,"column":30}},"type":"binary-expr","locations":[{"start":{"line":7,"column":12},"end":{"line":7,"column":34}},{"start":{"line":8,"column":12},"end":{"line":8,"column":27}},{"start":{"line":9,"column":12},"end":{"line":9,"column":29}},{"start":{"line":10,"column":12},"end":{"line":10,"column":30}}],"line":7},"4":{"loc":{"start":{"line":15,"column":8},"end":{"line":23,"column":69}},"type":"if","locations":[{"start":{"line":15,"column":8},"end":{"line":23,"column":69}},{"start":{"line":23,"column":15},"end":{"line":23,"column":69}}],"line":15},"5":{"loc":{"start":{"line":18,"column":12},"end":{"line":22,"column":13}},"type":"if","locations":[{"start":{"line":18,"column":12},"end":{"line":22,"column":13}},{"start":{"line":20,"column":19},"end":{"line":22,"column":13}}],"line":18},"6":{"loc":{"start":{"line":24,"column":11},"end":{"line":41,"column":5}},"type":"if","locations":[{"start":{"line":24,"column":11},"end":{"line":41,"column":5}},{"start":{"line":39,"column":11},"end":{"line":41,"column":5}}],"line":24},"7":{"loc":{"start":{"line":26,"column":8},"end":{"line":26,"column":71}},"type":"if","locations":[{"start":{"line":26,"column":8},"end":{"line":26,"column":71}},{"start":{},"end":{}}],"line":26},"8":{"loc":{"start":{"line":30,"column":12},"end":{"line":36,"column":13}},"type":"if","locations":[{"start":{"line":30,"column":12},"end":{"line":36,"column":13}},{"start":{"line":33,"column":19},"end":{"line":36,"column":13}}],"line":30},"9":{"loc":{"start":{"line":30,"column":16},"end":{"line":30,"column":56}},"type":"binary-expr","locations":[{"start":{"line":30,"column":16},"end":{"line":30,"column":39}},{"start":{"line":30,"column":43},"end":{"line":30,"column":56}}],"line":30},"10":{"loc":{"start":{"line":33,"column":19},"end":{"line":36,"column":13}},"type":"if","locations":[{"start":{"line":33,"column":19},"end":{"line":36,"column":13}},{"start":{},"end":{}}],"line":33},"11":{"loc":{"start":{"line":33,"column":23},"end":{"line":33,"column":63}},"type":"binary-expr","locations":[{"start":{"line":33,"column":23},"end":{"line":33,"column":46}},{"start":{"line":33,"column":50},"end":{"line":33,"column":63}}],"line":33},"12":{"loc":{"start":{"line":46,"column":4},"end":{"line":52,"column":5}},"type":"if","locations":[{"start":{"line":46,"column":4},"end":{"line":52,"column":5}},{"start":{"line":48,"column":11},"end":{"line":52,"column":5}}],"line":46},"13":{"loc":{"start":{"line":48,"column":11},"end":{"line":52,"column":5}},"type":"if","locations":[{"start":{"line":48,"column":11},"end":{"line":52,"column":5}},{"start":{"line":50,"column":11},"end":{"line":52,"column":5}}],"line":48},"14":{"loc":{"start":{"line":57,"column":4},"end":{"line":63,"column":5}},"type":"if","locations":[{"start":{"line":57,"column":4},"end":{"line":63,"column":5}},{"start":{"line":59,"column":11},"end":{"line":63,"column":5}}],"line":57},"15":{"loc":{"start":{"line":59,"column":11},"end":{"line":63,"column":5}},"type":"if","locations":[{"start":{"line":59,"column":11},"end":{"line":63,"column":5}},{"start":{"line":61,"column":11},"end":{"line":63,"column":5}}],"line":59},"16":{"loc":{"start":{"line":68,"column":4},"end":{"line":74,"column":5}},"type":"if","locations":[{"start":{"line":68,"column":4},"end":{"line":74,"column":5}},{"start":{"line":70,"column":11},"end":{"line":74,"column":5}}],"line":68},"17":{"loc":{"start":{"line":70,"column":11},"end":{"line":74,"column":5}},"type":"if","locations":[{"start":{"line":70,"column":11},"end":{"line":74,"column":5}},{"start":{"line":72,"column":11},"end":{"line":74,"column":5}}],"line":70},"18":{"loc":{"start":{"line":83,"column":8},"end":{"line":87,"column":9}},"type":"if","locations":[{"start":{"line":83,"column":8},"end":{"line":87,"column":9}},{"start":{"line":85,"column":15},"end":{"line":87,"column":9}}],"line":83},"19":{"loc":{"start":{"line":92,"column":4},"end":{"line":102,"column":5}},"type":"if","locations":[{"start":{"line":92,"column":4},"end":{"line":102,"column":5}},{"start":{},"end":{}}],"line":92},"20":{"loc":{"start":{"line":94,"column":12},"end":{"line":100,"column":13}},"type":"if","locations":[{"start":{"line":94,"column":12},"end":{"line":100,"column":13}},{"start":{"line":96,"column":19},"end":{"line":100,"column":13}}],"line":94},"21":{"loc":{"start":{"line":96,"column":19},"end":{"line":100,"column":13}},"type":"if","locations":[{"start":{"line":96,"column":19},"end":{"line":100,"column":13}},{"start":{"line":98,"column":19},"end":{"line":100,"column":13}}],"line":96},"22":{"loc":{"start":{"line":106,"column":4},"end":{"line":112,"column":5}},"type":"if","locations":[{"start":{"line":106,"column":4},"end":{"line":112,"column":5}},{"start":{"line":108,"column":11},"end":{"line":112,"column":5}}],"line":106},"23":{"loc":{"start":{"line":106,"column":8},"end":{"line":106,"column":55}},"type":"binary-expr","locations":[{"start":{"line":106,"column":8},"end":{"line":106,"column":30}},{"start":{"line":106,"column":34},"end":{"line":106,"column":55}}],"line":106},"24":{"loc":{"start":{"line":108,"column":11},"end":{"line":112,"column":5}},"type":"if","locations":[{"start":{"line":108,"column":11},"end":{"line":112,"column":5}},{"start":{"line":110,"column":11},"end":{"line":112,"column":5}}],"line":108},"25":{"loc":{"start":{"line":118,"column":4},"end":{"line":118,"column":58}},"type":"if","locations":[{"start":{"line":118,"column":4},"end":{"line":118,"column":58}},{"start":{},"end":{}}],"line":118},"26":{"loc":{"start":{"line":118,"column":8},"end":{"line":118,"column":44}},"type":"binary-expr","locations":[{"start":{"line":118,"column":8},"end":{"line":118,"column":22}},{"start":{"line":118,"column":26},"end":{"line":118,"column":44}}],"line":118},"27":{"loc":{"start":{"line":127,"column":8},"end":{"line":127,"column":68}},"type":"if","locations":[{"start":{"line":127,"column":8},"end":{"line":127,"column":68}},{"start":{},"end":{}}],"line":127},"28":{"loc":{"start":{"line":127,"column":12},"end":{"line":127,"column":53}},"type":"binary-expr","locations":[{"start":{"line":127,"column":12},"end":{"line":127,"column":26}},{"start":{"line":127,"column":31},"end":{"line":127,"column":43}},{"start":{"line":127,"column":47},"end":{"line":127,"column":52}}],"line":127}},"s":{"0":1,"1":10,"2":4,"3":1,"4":3,"5":3,"6":2,"7":2,"8":1,"9":1,"10":1,"11":6,"12":5,"13":5,"14":1,"15":4,"16":10,"17":1,"18":3,"19":1,"20":9,"21":1,"22":3,"23":1,"24":2,"25":1,"26":1,"27":2,"28":1,"29":0,"30":1,"31":0,"32":1,"33":1,"34":2,"35":1,"36":0,"37":1,"38":0,"39":1,"40":1,"41":2,"42":1,"43":0,"44":1,"45":0,"46":1,"47":2,"48":2,"49":2,"50":6,"51":6,"52":1,"53":5,"54":2,"55":2,"56":2,"57":2,"58":5,"59":2,"60":3,"61":2,"62":1,"63":2,"64":2,"65":1,"66":1,"67":1,"68":0,"69":3,"70":3,"71":3,"72":3,"73":2,"74":1,"75":5,"76":5,"77":13,"78":13,"79":13,"80":1,"81":4,"82":1},"f":{"0":10,"1":3,"2":3,"3":1,"4":2,"5":1,"6":2,"7":1,"8":2,"9":2,"10":6,"11":3,"12":5},"b":{"0":[4,6],"1":[10,6],"2":[1,3],"3":[4,4,3,3],"4":[2,1],"5":[1,1],"6":[5,1],"7":[1,4],"8":[1,9],"9":[10,2],"10":[1,8],"11":[9,1],"12":[0,1],"13":[0,1],"14":[0,1],"15":[0,1],"16":[0,1],"17":[0,1],"18":[1,5],"19":[2,0],"20":[2,3],"21":[2,1],"22":[1,1],"23":[2,2],"24":[1,0],"25":[2,1],"26":[3,1],"27":[1,12],"28":[13,1,0]},"_coverageSchema":"1a1c01bbd47fc00a2c39e90264f33305004495a9","hash":"427a1f4ae36d56077f1f03b793875f25a0c62c9b"}
}
