TN:
SF:src\app.js
FN:4,greet
FN:31,(anonymous_1)
FN:34,(anonymous_2)
FN:44,greet2Names
FN:45,(anonymous_4)
FN:55,greet2NamesFrench
FN:56,(anonymous_6)
FN:66,greet2NamesNL
FN:67,(anonymous_8)
FN:77,greet3names
FN:81,(anonymous_10)
FN:114,Check1Name
FN:121,CheakName2Or3
FNF:13
FNH:13
FNDA:10,greet
FNDA:3,(anonymous_1)
FNDA:3,(anonymous_2)
FNDA:1,greet2Names
FNDA:2,(anonymous_4)
FNDA:1,greet2NamesFrench
FNDA:2,(anonymous_6)
FNDA:1,greet2NamesNL
FNDA:2,(anonymous_8)
FNDA:2,greet3names
FNDA:6,(anonymous_10)
FNDA:3,Check1Name
FNDA:5,CheakName2Or3
DA:2,1
DA:5,10
DA:6,4
DA:12,1
DA:14,3
DA:15,3
DA:16,2
DA:18,2
DA:19,1
DA:21,1
DA:23,1
DA:24,6
DA:25,5
DA:26,5
DA:28,4
DA:30,10
DA:31,3
DA:32,1
DA:33,9
DA:34,3
DA:35,1
DA:38,2
DA:40,1
DA:45,2
DA:46,1
DA:47,0
DA:48,1
DA:49,0
DA:51,1
DA:56,2
DA:57,1
DA:58,0
DA:59,1
DA:60,0
DA:62,1
DA:67,2
DA:68,1
DA:69,0
DA:70,1
DA:71,0
DA:73,1
DA:78,2
DA:79,2
DA:81,2
DA:82,6
DA:83,6
DA:84,1
DA:86,5
DA:90,2
DA:92,2
DA:93,2
DA:94,5
DA:95,2
DA:96,3
DA:97,2
DA:99,1
DA:104,2
DA:106,2
DA:107,1
DA:108,1
DA:109,1
DA:111,0
DA:115,3
DA:116,3
DA:117,3
DA:118,1
DA:122,5
DA:123,5
DA:124,13
DA:125,13
DA:127,4
DA:130,1
LF:72
LH:65
BRDA:5,0,0,4
BRDA:5,0,1,6
BRDA:5,1,0,10
BRDA:5,1,1,6
BRDA:6,2,0,1
BRDA:6,2,1,3
BRDA:7,3,0,4
BRDA:7,3,1,4
BRDA:7,3,2,3
BRDA:7,3,3,3
BRDA:15,4,0,2
BRDA:15,4,1,1
BRDA:18,5,0,1
BRDA:18,5,1,1
BRDA:24,6,0,5
BRDA:24,6,1,1
BRDA:26,7,0,1
BRDA:26,7,1,4
BRDA:30,8,0,1
BRDA:30,8,1,9
BRDA:30,9,0,10
BRDA:30,9,1,2
BRDA:33,10,0,1
BRDA:33,10,1,8
BRDA:33,11,0,9
BRDA:33,11,1,1
BRDA:46,12,0,0
BRDA:46,12,1,1
BRDA:48,13,0,0
BRDA:48,13,1,1
BRDA:57,14,0,0
BRDA:57,14,1,1
BRDA:59,15,0,0
BRDA:59,15,1,1
BRDA:68,16,0,0
BRDA:68,16,1,1
BRDA:70,17,0,0
BRDA:70,17,1,1
BRDA:83,18,0,1
BRDA:83,18,1,5
BRDA:92,19,0,2
BRDA:92,19,1,0
BRDA:94,20,0,2
BRDA:94,20,1,3
BRDA:96,21,0,2
BRDA:96,21,1,1
BRDA:106,22,0,1
BRDA:106,22,1,1
BRDA:106,23,0,2
BRDA:106,23,1,2
BRDA:108,24,0,1
BRDA:108,24,1,0
BRDA:117,25,0,2
BRDA:117,25,1,1
BRDA:117,26,0,3
BRDA:117,26,1,1
BRDA:125,27,0,1
BRDA:125,27,1,12
BRDA:125,28,0,13
BRDA:125,28,1,1
BRDA:125,28,2,0
BRF:61
BRH:52
end_of_record
